[0214/103333:ERROR:tcp_socket_win.cc(335)] bind() returned an error: Only one usage of each socket address (protocol/network address/port) is normally permitted. (0x2740)
[0214/103333:ERROR:devtools_http_handler.cc(229)] Cannot start http server for devtools. Stop devtools.
[0214/103412:ERROR:cache_util_win.cc(20)] Unable to move the cache: 5
[0214/103412:ERROR:cache_util.cc(134)] Unable to move cache folder C:\ProgramData\Altium\Altium Designer {83181959-FDEE-4BF1-9094-BEC5FEB9AC76}\BrowserCache\GPUCache to C:\ProgramData\Altium\Altium Designer {83181959-FDEE-4BF1-9094-BEC5FEB9AC76}\BrowserCache\old_GPUCache_000
[0214/103412:ERROR:cache_creator.cc(129)] Unable to create cache
[0214/103412:ERROR:shader_disk_cache.cc(589)] Shader Cache Creation failed: -2
[0214/103413:ERROR:backend_impl.cc(2020)] Corrupt Index file
[0214/103413:ERROR:cache_util_win.cc(20)] Unable to move the cache: 5
[0214/103413:ERROR:cache_util.cc(134)] Unable to move cache folder C:\ProgramData\Altium\Altium Designer {83181959-FDEE-4BF1-9094-BEC5FEB9AC76}\BrowserCache to C:\ProgramData\Altium\Altium Designer {83181959-FDEE-4BF1-9094-BEC5FEB9AC76}\old_BrowserCache_000
[0214/103413:ERROR:cache_creator.cc(129)] Unable to create cache
[0227/144906:ERROR:tcp_socket_win.cc(335)] bind() returned an error: Only one usage of each socket address (protocol/network address/port) is normally permitted. (0x2740)
[0227/144906:ERROR:devtools_http_handler.cc(229)] Cannot start http server for devtools. Stop devtools.
[0227/145022:ERROR:cache_util_win.cc(20)] Unable to move the cache: 5
[0227/145022:ERROR:cache_util.cc(134)] Unable to move cache folder C:\ProgramData\Altium\Altium Designer {83181959-FDEE-4BF1-9094-BEC5FEB9AC76}\BrowserCache\GPUCache to C:\ProgramData\Altium\Altium Designer {83181959-FDEE-4BF1-9094-BEC5FEB9AC76}\BrowserCache\old_GPUCache_000
[0227/145022:ERROR:cache_creator.cc(129)] Unable to create cache
[0227/145022:ERROR:shader_disk_cache.cc(589)] Shader Cache Creation failed: -2
[0227/145023:ERROR:backend_impl.cc(2020)] Corrupt Index file
[0227/145023:ERROR:cache_util_win.cc(20)] Unable to move the cache: 5
[0227/145023:ERROR:cache_util.cc(134)] Unable to move cache folder C:\ProgramData\Altium\Altium Designer {83181959-FDEE-4BF1-9094-BEC5FEB9AC76}\BrowserCache to C:\ProgramData\Altium\Altium Designer {83181959-FDEE-4BF1-9094-BEC5FEB9AC76}\old_BrowserCache_000
[0227/145023:ERROR:cache_creator.cc(129)] Unable to create cache
